2025-08-01 00:00:00.472 [schedulerFactoryBean_Worker-3] ERROR c.t.e.service.WeChatService - 获取会话内容存档失败:DownloadChatDataResponse(errcode=301042, errmsg=get chatdata whiteip not match, hint: [1753977603219780691160662], from ip: 101.231.202.158, more info at https://open.work.weixin.qq.com/devtool/query?e=301042, rawChatData=[])
2025-08-01 00:00:00.472 [schedulerFactoryBean_Worker-3] ERROR c.t.e.job.DownloadChatMessageJob - Error executing DownloadChatMessageJob
com.thqh.enterprise_wechat_backend.exception.BusinessException: DownloadChatDataResponse(errcode=301042, errmsg=get chatdata whiteip not match, hint: [1753977603219780691160662], from ip: 101.231.202.158, more info at https://open.work.weixin.qq.com/devtool/query?e=301042, rawChatData=[])
	at com.thqh.enterprise_wechat_backend.service.WeChatService.getChatData(WeChatService.java:84)
	at com.thqh.enterprise_wechat_backend.service.WeChatService$$FastClassBySpringCGLIB$$ec6449cb.invoke(<generated>)
	at org.springframework.cglib.proxy.MethodProxy.invoke(MethodProxy.java:218)
	at org.springframework.aop.framework.CglibAopProxy.invokeMethod(CglibAopProxy.java:386)
	at org.springframework.aop.framework.CglibAopProxy.access$000(CglibAopProxy.java:85)
	at org.springframework.aop.framework.CglibAopProxy$DynamicAdvisedInterceptor.intercept(CglibAopProxy.java:704)
	at com.thqh.enterprise_wechat_backend.service.WeChatService$$EnhancerBySpringCGLIB$$a1680b1f.getChatData(<generated>)
	at com.thqh.enterprise_wechat_backend.job.DownloadChatMessageJob.execute(DownloadChatMessageJob.java:38)
	at org.quartz.core.JobRunShell.run(JobRunShell.java:202)
	at org.quartz.simpl.SimpleThreadPool$WorkerThread.run(SimpleThreadPool.java:573)
2025-08-01 06:00:00.456 [schedulerFactoryBean_Worker-4] ERROR c.t.e.service.WeChatService - 获取会话内容存档失败:DownloadChatDataResponse(errcode=301042, errmsg=get chatdata whiteip not match, hint: [1753999205618913614161036], from ip: 101.231.202.158, more info at https://open.work.weixin.qq.com/devtool/query?e=301042, rawChatData=[])
2025-08-01 06:00:00.457 [schedulerFactoryBean_Worker-4] ERROR c.t.e.job.DownloadChatMessageJob - Error executing DownloadChatMessageJob
com.thqh.enterprise_wechat_backend.exception.BusinessException: DownloadChatDataResponse(errcode=301042, errmsg=get chatdata whiteip not match, hint: [1753999205618913614161036], from ip: 101.231.202.158, more info at https://open.work.weixin.qq.com/devtool/query?e=301042, rawChatData=[])
	at com.thqh.enterprise_wechat_backend.service.WeChatService.getChatData(WeChatService.java:84)
	at com.thqh.enterprise_wechat_backend.service.WeChatService$$FastClassBySpringCGLIB$$ec6449cb.invoke(<generated>)
	at org.springframework.cglib.proxy.MethodProxy.invoke(MethodProxy.java:218)
	at org.springframework.aop.framework.CglibAopProxy.invokeMethod(CglibAopProxy.java:386)
	at org.springframework.aop.framework.CglibAopProxy.access$000(CglibAopProxy.java:85)
	at org.springframework.aop.framework.CglibAopProxy$DynamicAdvisedInterceptor.intercept(CglibAopProxy.java:704)
	at com.thqh.enterprise_wechat_backend.service.WeChatService$$EnhancerBySpringCGLIB$$a1680b1f.getChatData(<generated>)
	at com.thqh.enterprise_wechat_backend.job.DownloadChatMessageJob.execute(DownloadChatMessageJob.java:38)
	at org.quartz.core.JobRunShell.run(JobRunShell.java:202)
	at org.quartz.simpl.SimpleThreadPool$WorkerThread.run(SimpleThreadPool.java:573)
2025-08-01 07:00:00.467 [schedulerFactoryBean_Worker-5] ERROR c.t.e.service.WeChatService - 获取会话内容存档失败:DownloadChatDataResponse(errcode=301042, errmsg=get chatdata whiteip not match, hint: [1754002805288660165189119], from ip: 101.231.202.158, more info at https://open.work.weixin.qq.com/devtool/query?e=301042, rawChatData=[])
2025-08-01 07:00:00.468 [schedulerFactoryBean_Worker-5] ERROR c.t.e.job.DownloadChatMessageJob - Error executing DownloadChatMessageJob
com.thqh.enterprise_wechat_backend.exception.BusinessException: DownloadChatDataResponse(errcode=301042, errmsg=get chatdata whiteip not match, hint: [1754002805288660165189119], from ip: 101.231.202.158, more info at https://open.work.weixin.qq.com/devtool/query?e=301042, rawChatData=[])
	at com.thqh.enterprise_wechat_backend.service.WeChatService.getChatData(WeChatService.java:84)
	at com.thqh.enterprise_wechat_backend.service.WeChatService$$FastClassBySpringCGLIB$$ec6449cb.invoke(<generated>)
	at org.springframework.cglib.proxy.MethodProxy.invoke(MethodProxy.java:218)
	at org.springframework.aop.framework.CglibAopProxy.invokeMethod(CglibAopProxy.java:386)
	at org.springframework.aop.framework.CglibAopProxy.access$000(CglibAopProxy.java:85)
	at org.springframework.aop.framework.CglibAopProxy$DynamicAdvisedInterceptor.intercept(CglibAopProxy.java:704)
	at com.thqh.enterprise_wechat_backend.service.WeChatService$$EnhancerBySpringCGLIB$$a1680b1f.getChatData(<generated>)
	at com.thqh.enterprise_wechat_backend.job.DownloadChatMessageJob.execute(DownloadChatMessageJob.java:38)
	at org.quartz.core.JobRunShell.run(JobRunShell.java:202)
	at org.quartz.simpl.SimpleThreadPool$WorkerThread.run(SimpleThreadPool.java:573)
2025-08-01 07:30:00.430 [schedulerFactoryBean_Worker-6] ERROR c.t.e.service.WeChatService - 获取会话内容存档失败:DownloadChatDataResponse(errcode=301042, errmsg=get chatdata whiteip not match, hint: [1754004600002460758889110], from ip: 101.231.202.158, more info at https://open.work.weixin.qq.com/devtool/query?e=301042, rawChatData=[])
2025-08-01 07:30:00.431 [schedulerFactoryBean_Worker-6] ERROR c.t.e.job.DownloadChatMessageJob - Error executing DownloadChatMessageJob
com.thqh.enterprise_wechat_backend.exception.BusinessException: DownloadChatDataResponse(errcode=301042, errmsg=get chatdata whiteip not match, hint: [1754004600002460758889110], from ip: 101.231.202.158, more info at https://open.work.weixin.qq.com/devtool/query?e=301042, rawChatData=[])
	at com.thqh.enterprise_wechat_backend.service.WeChatService.getChatData(WeChatService.java:84)
	at com.thqh.enterprise_wechat_backend.service.WeChatService$$FastClassBySpringCGLIB$$ec6449cb.invoke(<generated>)
	at org.springframework.cglib.proxy.MethodProxy.invoke(MethodProxy.java:218)
	at org.springframework.aop.framework.CglibAopProxy.invokeMethod(CglibAopProxy.java:386)
	at org.springframework.aop.framework.CglibAopProxy.access$000(CglibAopProxy.java:85)
	at org.springframework.aop.framework.CglibAopProxy$DynamicAdvisedInterceptor.intercept(CglibAopProxy.java:704)
	at com.thqh.enterprise_wechat_backend.service.WeChatService$$EnhancerBySpringCGLIB$$a1680b1f.getChatData(<generated>)
	at com.thqh.enterprise_wechat_backend.job.DownloadChatMessageJob.execute(DownloadChatMessageJob.java:38)
	at org.quartz.core.JobRunShell.run(JobRunShell.java:202)
	at org.quartz.simpl.SimpleThreadPool$WorkerThread.run(SimpleThreadPool.java:573)
2025-08-01 08:00:00.452 [schedulerFactoryBean_Worker-7] ERROR c.t.e.service.WeChatService - 获取会话内容存档失败:DownloadChatDataResponse(errcode=301042, errmsg=get chatdata whiteip not match, hint: [1754006400214910395360588], from ip: 101.231.202.158, more info at https://open.work.weixin.qq.com/devtool/query?e=301042, rawChatData=[])
2025-08-01 08:00:00.452 [schedulerFactoryBean_Worker-7] ERROR c.t.e.job.DownloadChatMessageJob - Error executing DownloadChatMessageJob
com.thqh.enterprise_wechat_backend.exception.BusinessException: DownloadChatDataResponse(errcode=301042, errmsg=get chatdata whiteip not match, hint: [1754006400214910395360588], from ip: 101.231.202.158, more info at https://open.work.weixin.qq.com/devtool/query?e=301042, rawChatData=[])
	at com.thqh.enterprise_wechat_backend.service.WeChatService.getChatData(WeChatService.java:84)
	at com.thqh.enterprise_wechat_backend.service.WeChatService$$FastClassBySpringCGLIB$$ec6449cb.invoke(<generated>)
	at org.springframework.cglib.proxy.MethodProxy.invoke(MethodProxy.java:218)
	at org.springframework.aop.framework.CglibAopProxy.invokeMethod(CglibAopProxy.java:386)
	at org.springframework.aop.framework.CglibAopProxy.access$000(CglibAopProxy.java:85)
	at org.springframework.aop.framework.CglibAopProxy$DynamicAdvisedInterceptor.intercept(CglibAopProxy.java:704)
	at com.thqh.enterprise_wechat_backend.service.WeChatService$$EnhancerBySpringCGLIB$$a1680b1f.getChatData(<generated>)
	at com.thqh.enterprise_wechat_backend.job.DownloadChatMessageJob.execute(DownloadChatMessageJob.java:38)
	at org.quartz.core.JobRunShell.run(JobRunShell.java:202)
	at org.quartz.simpl.SimpleThreadPool$WorkerThread.run(SimpleThreadPool.java:573)
2025-08-01 08:30:00.393 [schedulerFactoryBean_Worker-8] ERROR c.t.e.service.WeChatService - 获取会话内容存档失败:DownloadChatDataResponse(errcode=301042, errmsg=get chatdata whiteip not match, hint: [1754008200219781188629581], from ip: 101.231.202.158, more info at https://open.work.weixin.qq.com/devtool/query?e=301042, rawChatData=[])
2025-08-01 08:30:00.393 [schedulerFactoryBean_Worker-8] ERROR c.t.e.job.DownloadChatMessageJob - Error executing DownloadChatMessageJob
com.thqh.enterprise_wechat_backend.exception.BusinessException: DownloadChatDataResponse(errcode=301042, errmsg=get chatdata whiteip not match, hint: [1754008200219781188629581], from ip: 101.231.202.158, more info at https://open.work.weixin.qq.com/devtool/query?e=301042, rawChatData=[])
	at com.thqh.enterprise_wechat_backend.service.WeChatService.getChatData(WeChatService.java:84)
	at com.thqh.enterprise_wechat_backend.service.WeChatService$$FastClassBySpringCGLIB$$ec6449cb.invoke(<generated>)
	at org.springframework.cglib.proxy.MethodProxy.invoke(MethodProxy.java:218)
	at org.springframework.aop.framework.CglibAopProxy.invokeMethod(CglibAopProxy.java:386)
	at org.springframework.aop.framework.CglibAopProxy.access$000(CglibAopProxy.java:85)
	at org.springframework.aop.framework.CglibAopProxy$DynamicAdvisedInterceptor.intercept(CglibAopProxy.java:704)
	at com.thqh.enterprise_wechat_backend.service.WeChatService$$EnhancerBySpringCGLIB$$a1680b1f.getChatData(<generated>)
	at com.thqh.enterprise_wechat_backend.job.DownloadChatMessageJob.execute(DownloadChatMessageJob.java:38)
	at org.quartz.core.JobRunShell.run(JobRunShell.java:202)
	at org.quartz.simpl.SimpleThreadPool$WorkerThread.run(SimpleThreadPool.java:573)
2025-08-01 09:30:00.525 [schedulerFactoryBean_Worker-9] ERROR c.t.e.service.WeChatService - 获取会话内容存档失败:DownloadChatDataResponse(errcode=301042, errmsg=get chatdata whiteip not match, hint: [1754011800090411787472622], from ip: 101.231.202.158, more info at https://open.work.weixin.qq.com/devtool/query?e=301042, rawChatData=[])
2025-08-01 09:30:00.529 [schedulerFactoryBean_Worker-9] ERROR c.t.e.job.DownloadChatMessageJob - Error executing DownloadChatMessageJob
com.thqh.enterprise_wechat_backend.exception.BusinessException: DownloadChatDataResponse(errcode=301042, errmsg=get chatdata whiteip not match, hint: [1754011800090411787472622], from ip: 101.231.202.158, more info at https://open.work.weixin.qq.com/devtool/query?e=301042, rawChatData=[])
	at com.thqh.enterprise_wechat_backend.service.WeChatService.getChatData(WeChatService.java:84)
	at com.thqh.enterprise_wechat_backend.service.WeChatService$$FastClassBySpringCGLIB$$ec6449cb.invoke(<generated>)
	at org.springframework.cglib.proxy.MethodProxy.invoke(MethodProxy.java:218)
	at org.springframework.aop.framework.CglibAopProxy.invokeMethod(CglibAopProxy.java:386)
	at org.springframework.aop.framework.CglibAopProxy.access$000(CglibAopProxy.java:85)
	at org.springframework.aop.framework.CglibAopProxy$DynamicAdvisedInterceptor.intercept(CglibAopProxy.java:704)
	at com.thqh.enterprise_wechat_backend.service.WeChatService$$EnhancerBySpringCGLIB$$a1680b1f.getChatData(<generated>)
	at com.thqh.enterprise_wechat_backend.job.DownloadChatMessageJob.execute(DownloadChatMessageJob.java:38)
	at org.quartz.core.JobRunShell.run(JobRunShell.java:202)
	at org.quartz.simpl.SimpleThreadPool$WorkerThread.run(SimpleThreadPool.java:573)
