cl : 命令行  warning D9035: “Gm”选项已否决，并将在将来的版本中移除
  TraderApi_Sample.cpp
D:\MY\通惠期货APP\功能开发需求\金仕达CRM\KSFT-API V2.4.60634（测试秘钥版本)\sample\KSTradeAPI_Sample\TraderApi_Sample.cpp(29,3): warning C4996: 'strncpy': This function or variable may be unsafe. Consider using strncpy_s instead. To disable deprecation, use _CRT_SECURE_NO_WARNINGS. See online help for details.
D:\MY\通惠期货APP\功能开发需求\金仕达CRM\KSFT-API V2.4.60634（测试秘钥版本)\sample\KSTradeAPI_Sample\TraderApi_Sample.cpp(30,3): warning C4996: 'strncpy': This function or variable may be unsafe. Consider using strncpy_s instead. To disable deprecation, use _CRT_SECURE_NO_WARNINGS. See online help for details.
D:\MY\通惠期货APP\功能开发需求\金仕达CRM\KSFT-API V2.4.60634（测试秘钥版本)\sample\KSTradeAPI_Sample\TraderApi_Sample.cpp(31,3): warning C4996: 'strncpy': This function or variable may be unsafe. Consider using strncpy_s instead. To disable deprecation, use _CRT_SECURE_NO_WARNINGS. See online help for details.
D:\MY\通惠期货APP\功能开发需求\金仕达CRM\KSFT-API V2.4.60634（测试秘钥版本)\sample\KSTradeAPI_Sample\TraderApi_Sample.cpp(32,3): warning C4996: 'strncpy': This function or variable may be unsafe. Consider using strncpy_s instead. To disable deprecation, use _CRT_SECURE_NO_WARNINGS. See online help for details.
D:\MY\通惠期货APP\功能开发需求\金仕达CRM\KSFT-API V2.4.60634（测试秘钥版本)\sample\KSTradeAPI_Sample\TraderApi_Sample.cpp(49,4): warning C4996: 'strcpy': This function or variable may be unsafe. Consider using strcpy_s instead. To disable deprecation, use _CRT_SECURE_NO_WARNINGS. See online help for details.
D:\MY\通惠期货APP\功能开发需求\金仕达CRM\KSFT-API V2.4.60634（测试秘钥版本)\sample\KSTradeAPI_Sample\TraderApi_Sample.cpp(53,4): warning C4996: 'strcpy': This function or variable may be unsafe. Consider using strcpy_s instead. To disable deprecation, use _CRT_SECURE_NO_WARNINGS. See online help for details.
D:\MY\通惠期货APP\功能开发需求\金仕达CRM\KSFT-API V2.4.60634（测试秘钥版本)\sample\KSTradeAPI_Sample\TraderApi_Sample.cpp(55,4): warning C4996: 'strcpy': This function or variable may be unsafe. Consider using strcpy_s instead. To disable deprecation, use _CRT_SECURE_NO_WARNINGS. See online help for details.
D:\MY\通惠期货APP\功能开发需求\金仕达CRM\KSFT-API V2.4.60634（测试秘钥版本)\sample\KSTradeAPI_Sample\TraderApi_Sample.cpp(56,4): warning C4996: 'strcpy': This function or variable may be unsafe. Consider using strcpy_s instead. To disable deprecation, use _CRT_SECURE_NO_WARNINGS. See online help for details.
D:\MY\通惠期货APP\功能开发需求\金仕达CRM\KSFT-API V2.4.60634（测试秘钥版本)\sample\KSTradeAPI_Sample\TraderApi_Sample.cpp(57,4): warning C4996: 'strcpy': This function or variable may be unsafe. Consider using strcpy_s instead. To disable deprecation, use _CRT_SECURE_NO_WARNINGS. See online help for details.
D:\MY\通惠期货APP\功能开发需求\金仕达CRM\KSFT-API V2.4.60634（测试秘钥版本)\sample\KSTradeAPI_Sample\TraderApi_Sample.cpp(59,4): warning C4996: 'strcpy': This function or variable may be unsafe. Consider using strcpy_s instead. To disable deprecation, use _CRT_SECURE_NO_WARNINGS. See online help for details.
D:\MY\通惠期货APP\功能开发需求\金仕达CRM\KSFT-API V2.4.60634（测试秘钥版本)\sample\KSTradeAPI_Sample\TraderApi_Sample.cpp(60,4): warning C4996: 'strcpy': This function or variable may be unsafe. Consider using strcpy_s instead. To disable deprecation, use _CRT_SECURE_NO_WARNINGS. See online help for details.
D:\MY\通惠期货APP\功能开发需求\金仕达CRM\KSFT-API V2.4.60634（测试秘钥版本)\sample\KSTradeAPI_Sample\TraderApi_Sample.cpp(61,4): warning C4996: 'strcpy': This function or variable may be unsafe. Consider using strcpy_s instead. To disable deprecation, use _CRT_SECURE_NO_WARNINGS. See online help for details.
D:\MY\通惠期货APP\功能开发需求\金仕达CRM\KSFT-API V2.4.60634（测试秘钥版本)\sample\KSTradeAPI_Sample\TraderApi_Sample.cpp(62,4): warning C4996: 'strcpy': This function or variable may be unsafe. Consider using strcpy_s instead. To disable deprecation, use _CRT_SECURE_NO_WARNINGS. See online help for details.
D:\MY\通惠期货APP\功能开发需求\金仕达CRM\KSFT-API V2.4.60634（测试秘钥版本)\sample\KSTradeAPI_Sample\TraderApi_Sample.cpp(63,4): warning C4996: 'strcpy': This function or variable may be unsafe. Consider using strcpy_s instead. To disable deprecation, use _CRT_SECURE_NO_WARNINGS. See online help for details.
D:\MY\通惠期货APP\功能开发需求\金仕达CRM\KSFT-API V2.4.60634（测试秘钥版本)\sample\KSTradeAPI_Sample\TraderApi_Sample.cpp(65,4): warning C4996: 'strcpy': This function or variable may be unsafe. Consider using strcpy_s instead. To disable deprecation, use _CRT_SECURE_NO_WARNINGS. See online help for details.
D:\MY\通惠期货APP\功能开发需求\金仕达CRM\KSFT-API V2.4.60634（测试秘钥版本)\sample\KSTradeAPI_Sample\TraderApi_Sample.cpp(74,4): warning C4996: 'strcpy': This function or variable may be unsafe. Consider using strcpy_s instead. To disable deprecation, use _CRT_SECURE_NO_WARNINGS. See online help for details.
D:\MY\通惠期货APP\功能开发需求\金仕达CRM\KSFT-API V2.4.60634（测试秘钥版本)\sample\KSTradeAPI_Sample\TraderApi_Sample.cpp(75,4): warning C4996: 'strcpy': This function or variable may be unsafe. Consider using strcpy_s instead. To disable deprecation, use _CRT_SECURE_NO_WARNINGS. See online help for details.
D:\MY\通惠期货APP\功能开发需求\金仕达CRM\KSFT-API V2.4.60634（测试秘钥版本)\sample\KSTradeAPI_Sample\TraderApi_Sample.cpp(76,4): warning C4996: 'strcpy': This function or variable may be unsafe. Consider using strcpy_s instead. To disable deprecation, use _CRT_SECURE_NO_WARNINGS. See online help for details.
D:\MY\通惠期货APP\功能开发需求\金仕达CRM\KSFT-API V2.4.60634（测试秘钥版本)\sample\KSTradeAPI_Sample\TraderApi_Sample.cpp(77,4): warning C4996: 'strcpy': This function or variable may be unsafe. Consider using strcpy_s instead. To disable deprecation, use _CRT_SECURE_NO_WARNINGS. See online help for details.
D:\MY\通惠期货APP\功能开发需求\金仕达CRM\KSFT-API V2.4.60634（测试秘钥版本)\sample\KSTradeAPI_Sample\TraderApi_Sample.cpp(102,3): warning C4996: 'strcpy': This function or variable may be unsafe. Consider using strcpy_s instead. To disable deprecation, use _CRT_SECURE_NO_WARNINGS. See online help for details.
D:\MY\通惠期货APP\功能开发需求\金仕达CRM\KSFT-API V2.4.60634（测试秘钥版本)\sample\KSTradeAPI_Sample\TraderApi_Sample.cpp(106,3): warning C4996: 'strcpy': This function or variable may be unsafe. Consider using strcpy_s instead. To disable deprecation, use _CRT_SECURE_NO_WARNINGS. See online help for details.
D:\MY\通惠期货APP\功能开发需求\金仕达CRM\KSFT-API V2.4.60634（测试秘钥版本)\sample\KSTradeAPI_Sample\TraderApi_Sample.cpp(110,3): warning C4996: 'strcpy': This function or variable may be unsafe. Consider using strcpy_s instead. To disable deprecation, use _CRT_SECURE_NO_WARNINGS. See online help for details.
D:\MY\通惠期货APP\功能开发需求\金仕达CRM\KSFT-API V2.4.60634（测试秘钥版本)\sample\KSTradeAPI_Sample\TraderApi_Sample.cpp(177,3): warning C4996: 'strcpy': This function or variable may be unsafe. Consider using strcpy_s instead. To disable deprecation, use _CRT_SECURE_NO_WARNINGS. See online help for details.
D:\MY\通惠期货APP\功能开发需求\金仕达CRM\KSFT-API V2.4.60634（测试秘钥版本)\sample\KSTradeAPI_Sample\TraderApi_Sample.cpp(179,3): warning C4996: 'strcpy': This function or variable may be unsafe. Consider using strcpy_s instead. To disable deprecation, use _CRT_SECURE_NO_WARNINGS. See online help for details.
D:\MY\通惠期货APP\功能开发需求\金仕达CRM\KSFT-API V2.4.60634（测试秘钥版本)\sample\KSTradeAPI_Sample\TraderApi_Sample.cpp(211,4): warning C4996: 'strcpy': This function or variable may be unsafe. Consider using strcpy_s instead. To disable deprecation, use _CRT_SECURE_NO_WARNINGS. See online help for details.
D:\MY\通惠期货APP\功能开发需求\金仕达CRM\KSFT-API V2.4.60634（测试秘钥版本)\sample\KSTradeAPI_Sample\TraderApi_Sample.cpp(213,4): warning C4996: 'strcpy': This function or variable may be unsafe. Consider using strcpy_s instead. To disable deprecation, use _CRT_SECURE_NO_WARNINGS. See online help for details.
D:\MY\通惠期货APP\功能开发需求\金仕达CRM\KSFT-API V2.4.60634（测试秘钥版本)\sample\KSTradeAPI_Sample\TraderApi_Sample.cpp(248,3): warning C4996: 'strcpy': This function or variable may be unsafe. Consider using strcpy_s instead. To disable deprecation, use _CRT_SECURE_NO_WARNINGS. See online help for details.
D:\MY\通惠期货APP\功能开发需求\金仕达CRM\KSFT-API V2.4.60634（测试秘钥版本)\sample\KSTradeAPI_Sample\TraderApi_Sample.cpp(273,4): warning C4996: 'strcpy': This function or variable may be unsafe. Consider using strcpy_s instead. To disable deprecation, use _CRT_SECURE_NO_WARNINGS. See online help for details.
D:\MY\通惠期货APP\功能开发需求\金仕达CRM\KSFT-API V2.4.60634（测试秘钥版本)\sample\KSTradeAPI_Sample\TraderApi_Sample.cpp(274,4): warning C4996: 'strcpy': This function or variable may be unsafe. Consider using strcpy_s instead. To disable deprecation, use _CRT_SECURE_NO_WARNINGS. See online help for details.
D:\MY\通惠期货APP\功能开发需求\金仕达CRM\KSFT-API V2.4.60634（测试秘钥版本)\sample\KSTradeAPI_Sample\TraderApi_Sample.cpp(306,4): warning C4996: 'strcpy': This function or variable may be unsafe. Consider using strcpy_s instead. To disable deprecation, use _CRT_SECURE_NO_WARNINGS. See online help for details.
D:\MY\通惠期货APP\功能开发需求\金仕达CRM\KSFT-API V2.4.60634（测试秘钥版本)\sample\KSTradeAPI_Sample\TraderApi_Sample.cpp(308,4): warning C4996: 'strcpy': This function or variable may be unsafe. Consider using strcpy_s instead. To disable deprecation, use _CRT_SECURE_NO_WARNINGS. See online help for details.
D:\MY\通惠期货APP\功能开发需求\金仕达CRM\KSFT-API V2.4.60634（测试秘钥版本)\sample\KSTradeAPI_Sample\TraderApi_Sample.cpp(344,4): warning C4996: 'strcpy': This function or variable may be unsafe. Consider using strcpy_s instead. To disable deprecation, use _CRT_SECURE_NO_WARNINGS. See online help for details.
D:\MY\通惠期货APP\功能开发需求\金仕达CRM\KSFT-API V2.4.60634（测试秘钥版本)\sample\KSTradeAPI_Sample\TraderApi_Sample.cpp(346,4): warning C4996: 'strcpy': This function or variable may be unsafe. Consider using strcpy_s instead. To disable deprecation, use _CRT_SECURE_NO_WARNINGS. See online help for details.
D:\MY\通惠期货APP\功能开发需求\金仕达CRM\KSFT-API V2.4.60634（测试秘钥版本)\sample\KSTradeAPI_Sample\TraderApi_Sample.cpp(348,4): warning C4996: 'strcpy': This function or variable may be unsafe. Consider using strcpy_s instead. To disable deprecation, use _CRT_SECURE_NO_WARNINGS. See online help for details.
D:\MY\通惠期货APP\功能开发需求\金仕达CRM\KSFT-API V2.4.60634（测试秘钥版本)\sample\KSTradeAPI_Sample\TraderApi_Sample.cpp(379,4): warning C4996: 'strcpy': This function or variable may be unsafe. Consider using strcpy_s instead. To disable deprecation, use _CRT_SECURE_NO_WARNINGS. See online help for details.
D:\MY\通惠期货APP\功能开发需求\金仕达CRM\KSFT-API V2.4.60634（测试秘钥版本)\sample\KSTradeAPI_Sample\TraderApi_Sample.cpp(381,4): warning C4996: 'strcpy': This function or variable may be unsafe. Consider using strcpy_s instead. To disable deprecation, use _CRT_SECURE_NO_WARNINGS. See online help for details.
D:\MY\通惠期货APP\功能开发需求\金仕达CRM\KSFT-API V2.4.60634（测试秘钥版本)\sample\KSTradeAPI_Sample\TraderApi_Sample.cpp(383,4): warning C4996: 'strcpy': This function or variable may be unsafe. Consider using strcpy_s instead. To disable deprecation, use _CRT_SECURE_NO_WARNINGS. See online help for details.
D:\MY\通惠期货APP\功能开发需求\金仕达CRM\KSFT-API V2.4.60634（测试秘钥版本)\sample\KSTradeAPI_Sample\TraderApi_Sample.cpp(428,4): warning C4996: 'strcpy': This function or variable may be unsafe. Consider using strcpy_s instead. To disable deprecation, use _CRT_SECURE_NO_WARNINGS. See online help for details.
D:\MY\通惠期货APP\功能开发需求\金仕达CRM\KSFT-API V2.4.60634（测试秘钥版本)\sample\KSTradeAPI_Sample\TraderApi_Sample.cpp(490,4): warning C4996: 'strcpy': This function or variable may be unsafe. Consider using strcpy_s instead. To disable deprecation, use _CRT_SECURE_NO_WARNINGS. See online help for details.
D:\MY\通惠期货APP\功能开发需求\金仕达CRM\KSFT-API V2.4.60634（测试秘钥版本)\sample\KSTradeAPI_Sample\TraderApi_Sample.cpp(492,4): warning C4996: 'strcpy': This function or variable may be unsafe. Consider using strcpy_s instead. To disable deprecation, use _CRT_SECURE_NO_WARNINGS. See online help for details.
D:\MY\通惠期货APP\功能开发需求\金仕达CRM\KSFT-API V2.4.60634（测试秘钥版本)\sample\KSTradeAPI_Sample\TraderApi_Sample.cpp(494,4): warning C4996: 'strcpy': This function or variable may be unsafe. Consider using strcpy_s instead. To disable deprecation, use _CRT_SECURE_NO_WARNINGS. See online help for details.
D:\MY\通惠期货APP\功能开发需求\金仕达CRM\KSFT-API V2.4.60634（测试秘钥版本)\sample\KSTradeAPI_Sample\TraderApi_Sample.cpp(496,4): warning C4996: 'strcpy': This function or variable may be unsafe. Consider using strcpy_s instead. To disable deprecation, use _CRT_SECURE_NO_WARNINGS. See online help for details.
D:\MY\通惠期货APP\功能开发需求\金仕达CRM\KSFT-API V2.4.60634（测试秘钥版本)\sample\KSTradeAPI_Sample\TraderApi_Sample.cpp(498,4): warning C4996: 'strcpy': This function or variable may be unsafe. Consider using strcpy_s instead. To disable deprecation, use _CRT_SECURE_NO_WARNINGS. See online help for details.
D:\MY\通惠期货APP\功能开发需求\金仕达CRM\KSFT-API V2.4.60634（测试秘钥版本)\sample\KSTradeAPI_Sample\TraderApi_Sample.cpp(500,4): warning C4996: 'strcpy': This function or variable may be unsafe. Consider using strcpy_s instead. To disable deprecation, use _CRT_SECURE_NO_WARNINGS. See online help for details.
D:\MY\通惠期货APP\功能开发需求\金仕达CRM\KSFT-API V2.4.60634（测试秘钥版本)\sample\KSTradeAPI_Sample\TraderApi_Sample.cpp(518,4): warning C4996: 'strcpy': This function or variable may be unsafe. Consider using strcpy_s instead. To disable deprecation, use _CRT_SECURE_NO_WARNINGS. See online help for details.
D:\MY\通惠期货APP\功能开发需求\金仕达CRM\KSFT-API V2.4.60634（测试秘钥版本)\sample\KSTradeAPI_Sample\TraderApi_Sample.cpp(543,4): warning C4996: 'strcpy': This function or variable may be unsafe. Consider using strcpy_s instead. To disable deprecation, use _CRT_SECURE_NO_WARNINGS. See online help for details.
D:\MY\通惠期货APP\功能开发需求\金仕达CRM\KSFT-API V2.4.60634（测试秘钥版本)\sample\KSTradeAPI_Sample\TraderApi_Sample.cpp(545,4): warning C4996: 'strcpy': This function or variable may be unsafe. Consider using strcpy_s instead. To disable deprecation, use _CRT_SECURE_NO_WARNINGS. See online help for details.
D:\MY\通惠期货APP\功能开发需求\金仕达CRM\KSFT-API V2.4.60634（测试秘钥版本)\sample\KSTradeAPI_Sample\TraderApi_Sample.cpp(609,4): warning C4996: 'strcpy': This function or variable may be unsafe. Consider using strcpy_s instead. To disable deprecation, use _CRT_SECURE_NO_WARNINGS. See online help for details.
D:\MY\通惠期货APP\功能开发需求\金仕达CRM\KSFT-API V2.4.60634（测试秘钥版本)\sample\KSTradeAPI_Sample\TraderApi_Sample.cpp(611,4): warning C4996: 'strcpy': This function or variable may be unsafe. Consider using strcpy_s instead. To disable deprecation, use _CRT_SECURE_NO_WARNINGS. See online help for details.
D:\MY\通惠期货APP\功能开发需求\金仕达CRM\KSFT-API V2.4.60634（测试秘钥版本)\sample\KSTradeAPI_Sample\TraderApi_Sample.cpp(616,4): warning C4996: 'strcpy': This function or variable may be unsafe. Consider using strcpy_s instead. To disable deprecation, use _CRT_SECURE_NO_WARNINGS. See online help for details.
D:\MY\通惠期货APP\功能开发需求\金仕达CRM\KSFT-API V2.4.60634（测试秘钥版本)\sample\KSTradeAPI_Sample\TraderApi_Sample.cpp(623,4): warning C4996: 'strcpy': This function or variable may be unsafe. Consider using strcpy_s instead. To disable deprecation, use _CRT_SECURE_NO_WARNINGS. See online help for details.
D:\MY\通惠期货APP\功能开发需求\金仕达CRM\KSFT-API V2.4.60634（测试秘钥版本)\sample\KSTradeAPI_Sample\TraderApi_Sample.cpp(626,4): warning C4996: 'strcpy': This function or variable may be unsafe. Consider using strcpy_s instead. To disable deprecation, use _CRT_SECURE_NO_WARNINGS. See online help for details.
D:\MY\通惠期货APP\功能开发需求\金仕达CRM\KSFT-API V2.4.60634（测试秘钥版本)\sample\KSTradeAPI_Sample\TraderApi_Sample.cpp(631,4): warning C4996: 'strcpy': This function or variable may be unsafe. Consider using strcpy_s instead. To disable deprecation, use _CRT_SECURE_NO_WARNINGS. See online help for details.
D:\MY\通惠期货APP\功能开发需求\金仕达CRM\KSFT-API V2.4.60634（测试秘钥版本)\sample\KSTradeAPI_Sample\TraderApi_Sample.cpp(633,4): warning C4996: 'strcpy': This function or variable may be unsafe. Consider using strcpy_s instead. To disable deprecation, use _CRT_SECURE_NO_WARNINGS. See online help for details.
D:\MY\通惠期货APP\功能开发需求\金仕达CRM\KSFT-API V2.4.60634（测试秘钥版本)\sample\KSTradeAPI_Sample\TraderApi_Sample.cpp(714,4): warning C4996: 'strcpy': This function or variable may be unsafe. Consider using strcpy_s instead. To disable deprecation, use _CRT_SECURE_NO_WARNINGS. See online help for details.
D:\MY\通惠期货APP\功能开发需求\金仕达CRM\KSFT-API V2.4.60634（测试秘钥版本)\sample\KSTradeAPI_Sample\TraderApi_Sample.cpp(716,4): warning C4996: 'strcpy': This function or variable may be unsafe. Consider using strcpy_s instead. To disable deprecation, use _CRT_SECURE_NO_WARNINGS. See online help for details.
D:\MY\通惠期货APP\功能开发需求\金仕达CRM\KSFT-API V2.4.60634（测试秘钥版本)\sample\KSTradeAPI_Sample\TraderApi_Sample.cpp(718,4): warning C4996: 'strcpy': This function or variable may be unsafe. Consider using strcpy_s instead. To disable deprecation, use _CRT_SECURE_NO_WARNINGS. See online help for details.
D:\MY\通惠期货APP\功能开发需求\金仕达CRM\KSFT-API V2.4.60634（测试秘钥版本)\sample\KSTradeAPI_Sample\TraderApi_Sample.cpp(720,4): warning C4996: 'strcpy': This function or variable may be unsafe. Consider using strcpy_s instead. To disable deprecation, use _CRT_SECURE_NO_WARNINGS. See online help for details.
D:\MY\通惠期货APP\功能开发需求\金仕达CRM\KSFT-API V2.4.60634（测试秘钥版本)\sample\KSTradeAPI_Sample\TraderApi_Sample.cpp(722,4): warning C4996: 'strcpy': This function or variable may be unsafe. Consider using strcpy_s instead. To disable deprecation, use _CRT_SECURE_NO_WARNINGS. See online help for details.
D:\MY\通惠期货APP\功能开发需求\金仕达CRM\KSFT-API V2.4.60634（测试秘钥版本)\sample\KSTradeAPI_Sample\TraderApi_Sample.cpp(724,4): warning C4996: 'strcpy': This function or variable may be unsafe. Consider using strcpy_s instead. To disable deprecation, use _CRT_SECURE_NO_WARNINGS. See online help for details.
D:\MY\通惠期货APP\功能开发需求\金仕达CRM\KSFT-API V2.4.60634（测试秘钥版本)\sample\KSTradeAPI_Sample\TraderApi_Sample.cpp(763,4): warning C4996: 'strcpy': This function or variable may be unsafe. Consider using strcpy_s instead. To disable deprecation, use _CRT_SECURE_NO_WARNINGS. See online help for details.
D:\MY\通惠期货APP\功能开发需求\金仕达CRM\KSFT-API V2.4.60634（测试秘钥版本)\sample\KSTradeAPI_Sample\TraderApi_Sample.cpp(765,4): warning C4996: 'strcpy': This function or variable may be unsafe. Consider using strcpy_s instead. To disable deprecation, use _CRT_SECURE_NO_WARNINGS. See online help for details.
D:\MY\通惠期货APP\功能开发需求\金仕达CRM\KSFT-API V2.4.60634（测试秘钥版本)\sample\KSTradeAPI_Sample\TraderApi_Sample.cpp(767,4): warning C4996: 'strcpy': This function or variable may be unsafe. Consider using strcpy_s instead. To disable deprecation, use _CRT_SECURE_NO_WARNINGS. See online help for details.
D:\MY\通惠期货APP\功能开发需求\金仕达CRM\KSFT-API V2.4.60634（测试秘钥版本)\sample\KSTradeAPI_Sample\TraderApi_Sample.cpp(803,4): warning C4996: 'strcpy': This function or variable may be unsafe. Consider using strcpy_s instead. To disable deprecation, use _CRT_SECURE_NO_WARNINGS. See online help for details.
D:\MY\通惠期货APP\功能开发需求\金仕达CRM\KSFT-API V2.4.60634（测试秘钥版本)\sample\KSTradeAPI_Sample\TraderApi_Sample.cpp(805,4): warning C4996: 'strcpy': This function or variable may be unsafe. Consider using strcpy_s instead. To disable deprecation, use _CRT_SECURE_NO_WARNINGS. See online help for details.
D:\MY\通惠期货APP\功能开发需求\金仕达CRM\KSFT-API V2.4.60634（测试秘钥版本)\sample\KSTradeAPI_Sample\TraderApi_Sample.cpp(834,4): warning C4996: 'strcpy': This function or variable may be unsafe. Consider using strcpy_s instead. To disable deprecation, use _CRT_SECURE_NO_WARNINGS. See online help for details.
D:\MY\通惠期货APP\功能开发需求\金仕达CRM\KSFT-API V2.4.60634（测试秘钥版本)\sample\KSTradeAPI_Sample\TraderApi_Sample.cpp(836,4): warning C4996: 'strcpy': This function or variable may be unsafe. Consider using strcpy_s instead. To disable deprecation, use _CRT_SECURE_NO_WARNINGS. See online help for details.
D:\MY\通惠期货APP\功能开发需求\金仕达CRM\KSFT-API V2.4.60634（测试秘钥版本)\sample\KSTradeAPI_Sample\TraderApi_Sample.cpp(838,4): warning C4996: 'strcpy': This function or variable may be unsafe. Consider using strcpy_s instead. To disable deprecation, use _CRT_SECURE_NO_WARNINGS. See online help for details.
D:\MY\通惠期货APP\功能开发需求\金仕达CRM\KSFT-API V2.4.60634（测试秘钥版本)\sample\KSTradeAPI_Sample\TraderApi_Sample.cpp(840,4): warning C4996: 'strcpy': This function or variable may be unsafe. Consider using strcpy_s instead. To disable deprecation, use _CRT_SECURE_NO_WARNINGS. See online help for details.
D:\MY\通惠期货APP\功能开发需求\金仕达CRM\KSFT-API V2.4.60634（测试秘钥版本)\sample\KSTradeAPI_Sample\TraderApi_Sample.cpp(868,4): warning C4996: 'strcpy': This function or variable may be unsafe. Consider using strcpy_s instead. To disable deprecation, use _CRT_SECURE_NO_WARNINGS. See online help for details.
D:\MY\通惠期货APP\功能开发需求\金仕达CRM\KSFT-API V2.4.60634（测试秘钥版本)\sample\KSTradeAPI_Sample\TraderApi_Sample.cpp(870,4): warning C4996: 'strcpy': This function or variable may be unsafe. Consider using strcpy_s instead. To disable deprecation, use _CRT_SECURE_NO_WARNINGS. See online help for details.
D:\MY\通惠期货APP\功能开发需求\金仕达CRM\KSFT-API V2.4.60634（测试秘钥版本)\sample\KSTradeAPI_Sample\TraderApi_Sample.cpp(872,4): warning C4996: 'strcpy': This function or variable may be unsafe. Consider using strcpy_s instead. To disable deprecation, use _CRT_SECURE_NO_WARNINGS. See online help for details.
D:\MY\通惠期货APP\功能开发需求\金仕达CRM\KSFT-API V2.4.60634（测试秘钥版本)\sample\KSTradeAPI_Sample\TraderApi_Sample.cpp(874,4): warning C4996: 'strcpy': This function or variable may be unsafe. Consider using strcpy_s instead. To disable deprecation, use _CRT_SECURE_NO_WARNINGS. See online help for details.
D:\MY\通惠期货APP\功能开发需求\金仕达CRM\KSFT-API V2.4.60634（测试秘钥版本)\sample\KSTradeAPI_Sample\TraderApi_Sample.cpp(902,4): warning C4996: 'strcpy': This function or variable may be unsafe. Consider using strcpy_s instead. To disable deprecation, use _CRT_SECURE_NO_WARNINGS. See online help for details.
D:\MY\通惠期货APP\功能开发需求\金仕达CRM\KSFT-API V2.4.60634（测试秘钥版本)\sample\KSTradeAPI_Sample\TraderApi_Sample.cpp(904,4): warning C4996: 'strcpy': This function or variable may be unsafe. Consider using strcpy_s instead. To disable deprecation, use _CRT_SECURE_NO_WARNINGS. See online help for details.
D:\MY\通惠期货APP\功能开发需求\金仕达CRM\KSFT-API V2.4.60634（测试秘钥版本)\sample\KSTradeAPI_Sample\TraderApi_Sample.cpp(931,4): warning C4996: 'strcpy': This function or variable may be unsafe. Consider using strcpy_s instead. To disable deprecation, use _CRT_SECURE_NO_WARNINGS. See online help for details.
D:\MY\通惠期货APP\功能开发需求\金仕达CRM\KSFT-API V2.4.60634（测试秘钥版本)\sample\KSTradeAPI_Sample\TraderApi_Sample.cpp(933,4): warning C4996: 'strcpy': This function or variable may be unsafe. Consider using strcpy_s instead. To disable deprecation, use _CRT_SECURE_NO_WARNINGS. See online help for details.
D:\MY\通惠期货APP\功能开发需求\金仕达CRM\KSFT-API V2.4.60634（测试秘钥版本)\sample\KSTradeAPI_Sample\TraderApi_Sample.cpp(935,4): warning C4996: 'strcpy': This function or variable may be unsafe. Consider using strcpy_s instead. To disable deprecation, use _CRT_SECURE_NO_WARNINGS. See online help for details.
D:\MY\通惠期货APP\功能开发需求\金仕达CRM\KSFT-API V2.4.60634（测试秘钥版本)\sample\KSTradeAPI_Sample\TraderApi_Sample.cpp(962,4): warning C4996: 'strcpy': This function or variable may be unsafe. Consider using strcpy_s instead. To disable deprecation, use _CRT_SECURE_NO_WARNINGS. See online help for details.
D:\MY\通惠期货APP\功能开发需求\金仕达CRM\KSFT-API V2.4.60634（测试秘钥版本)\sample\KSTradeAPI_Sample\TraderApi_Sample.cpp(964,4): warning C4996: 'strcpy': This function or variable may be unsafe. Consider using strcpy_s instead. To disable deprecation, use _CRT_SECURE_NO_WARNINGS. See online help for details.
D:\MY\通惠期货APP\功能开发需求\金仕达CRM\KSFT-API V2.4.60634（测试秘钥版本)\sample\KSTradeAPI_Sample\TraderApi_Sample.cpp(966,4): warning C4996: 'strcpy': This function or variable may be unsafe. Consider using strcpy_s instead. To disable deprecation, use _CRT_SECURE_NO_WARNINGS. See online help for details.
D:\MY\通惠期货APP\功能开发需求\金仕达CRM\KSFT-API V2.4.60634（测试秘钥版本)\sample\KSTradeAPI_Sample\TraderApi_Sample.cpp(996,4): warning C4996: 'strcpy': This function or variable may be unsafe. Consider using strcpy_s instead. To disable deprecation, use _CRT_SECURE_NO_WARNINGS. See online help for details.
D:\MY\通惠期货APP\功能开发需求\金仕达CRM\KSFT-API V2.4.60634（测试秘钥版本)\sample\KSTradeAPI_Sample\TraderApi_Sample.cpp(998,4): warning C4996: 'strcpy': This function or variable may be unsafe. Consider using strcpy_s instead. To disable deprecation, use _CRT_SECURE_NO_WARNINGS. See online help for details.
D:\MY\通惠期货APP\功能开发需求\金仕达CRM\KSFT-API V2.4.60634（测试秘钥版本)\sample\KSTradeAPI_Sample\TraderApi_Sample.cpp(1000,4): warning C4996: 'strcpy': This function or variable may be unsafe. Consider using strcpy_s instead. To disable deprecation, use _CRT_SECURE_NO_WARNINGS. See online help for details.
D:\MY\通惠期货APP\功能开发需求\金仕达CRM\KSFT-API V2.4.60634（测试秘钥版本)\sample\KSTradeAPI_Sample\TraderApi_Sample.cpp(1002,4): warning C4996: 'strcpy': This function or variable may be unsafe. Consider using strcpy_s instead. To disable deprecation, use _CRT_SECURE_NO_WARNINGS. See online help for details.
D:\MY\通惠期货APP\功能开发需求\金仕达CRM\KSFT-API V2.4.60634（测试秘钥版本)\sample\KSTradeAPI_Sample\TraderApi_Sample.cpp(1006,4): warning C4996: 'strcpy': This function or variable may be unsafe. Consider using strcpy_s instead. To disable deprecation, use _CRT_SECURE_NO_WARNINGS. See online help for details.
D:\MY\通惠期货APP\功能开发需求\金仕达CRM\KSFT-API V2.4.60634（测试秘钥版本)\sample\KSTradeAPI_Sample\TraderApi_Sample.cpp(1008,4): warning C4996: 'strcpy': This function or variable may be unsafe. Consider using strcpy_s instead. To disable deprecation, use _CRT_SECURE_NO_WARNINGS. See online help for details.
D:\MY\通惠期货APP\功能开发需求\金仕达CRM\KSFT-API V2.4.60634（测试秘钥版本)\sample\KSTradeAPI_Sample\TraderApi_Sample.cpp(1041,4): warning C4996: 'strcpy': This function or variable may be unsafe. Consider using strcpy_s instead. To disable deprecation, use _CRT_SECURE_NO_WARNINGS. See online help for details.
D:\MY\通惠期货APP\功能开发需求\金仕达CRM\KSFT-API V2.4.60634（测试秘钥版本)\sample\KSTradeAPI_Sample\TraderApi_Sample.cpp(1043,4): warning C4996: 'strcpy': This function or variable may be unsafe. Consider using strcpy_s instead. To disable deprecation, use _CRT_SECURE_NO_WARNINGS. See online help for details.
D:\MY\通惠期货APP\功能开发需求\金仕达CRM\KSFT-API V2.4.60634（测试秘钥版本)\sample\KSTradeAPI_Sample\TraderApi_Sample.cpp(1045,4): warning C4996: 'strcpy': This function or variable may be unsafe. Consider using strcpy_s instead. To disable deprecation, use _CRT_SECURE_NO_WARNINGS. See online help for details.
D:\MY\通惠期货APP\功能开发需求\金仕达CRM\KSFT-API V2.4.60634（测试秘钥版本)\sample\KSTradeAPI_Sample\TraderApi_Sample.cpp(1049,4): warning C4996: 'strcpy': This function or variable may be unsafe. Consider using strcpy_s instead. To disable deprecation, use _CRT_SECURE_NO_WARNINGS. See online help for details.
D:\MY\通惠期货APP\功能开发需求\金仕达CRM\KSFT-API V2.4.60634（测试秘钥版本)\sample\KSTradeAPI_Sample\TraderApi_Sample.cpp(1051,4): warning C4996: 'strcpy': This function or variable may be unsafe. Consider using strcpy_s instead. To disable deprecation, use _CRT_SECURE_NO_WARNINGS. See online help for details.
D:\MY\通惠期货APP\功能开发需求\金仕达CRM\KSFT-API V2.4.60634（测试秘钥版本)\sample\KSTradeAPI_Sample\TraderApi_Sample.cpp(1084,4): warning C4996: 'strcpy': This function or variable may be unsafe. Consider using strcpy_s instead. To disable deprecation, use _CRT_SECURE_NO_WARNINGS. See online help for details.
D:\MY\通惠期货APP\功能开发需求\金仕达CRM\KSFT-API V2.4.60634（测试秘钥版本)\sample\KSTradeAPI_Sample\TraderApi_Sample.cpp(1086,4): warning C4996: 'strcpy': This function or variable may be unsafe. Consider using strcpy_s instead. To disable deprecation, use _CRT_SECURE_NO_WARNINGS. See online help for details.
D:\MY\通惠期货APP\功能开发需求\金仕达CRM\KSFT-API V2.4.60634（测试秘钥版本)\sample\KSTradeAPI_Sample\TraderApi_Sample.cpp(1088,4): warning C4996: 'strcpy': This function or variable may be unsafe. Consider using strcpy_s instead. To disable deprecation, use _CRT_SECURE_NO_WARNINGS. See online help for details.
D:\MY\通惠期货APP\功能开发需求\金仕达CRM\KSFT-API V2.4.60634（测试秘钥版本)\sample\KSTradeAPI_Sample\TraderApi_Sample.cpp(1090,4): warning C4996: 'strcpy': This function or variable may be unsafe. Consider using strcpy_s instead. To disable deprecation, use _CRT_SECURE_NO_WARNINGS. See online help for details.
D:\MY\通惠期货APP\功能开发需求\金仕达CRM\KSFT-API V2.4.60634（测试秘钥版本)\sample\KSTradeAPI_Sample\TraderApi_Sample.cpp(1121,4): warning C4996: 'strcpy': This function or variable may be unsafe. Consider using strcpy_s instead. To disable deprecation, use _CRT_SECURE_NO_WARNINGS. See online help for details.
D:\MY\通惠期货APP\功能开发需求\金仕达CRM\KSFT-API V2.4.60634（测试秘钥版本)\sample\KSTradeAPI_Sample\TraderApi_Sample.cpp(1123,4): warning C4996: 'strcpy': This function or variable may be unsafe. Consider using strcpy_s instead. To disable deprecation, use _CRT_SECURE_NO_WARNINGS. See online help for details.
D:\MY\通惠期货APP\功能开发需求\金仕达CRM\KSFT-API V2.4.60634（测试秘钥版本)\sample\KSTradeAPI_Sample\TraderApi_Sample.cpp(1125,4): warning C4996: 'strcpy': This function or variable may be unsafe. Consider using strcpy_s instead. To disable deprecation, use _CRT_SECURE_NO_WARNINGS. See online help for details.
D:\MY\通惠期货APP\功能开发需求\金仕达CRM\KSFT-API V2.4.60634（测试秘钥版本)\sample\KSTradeAPI_Sample\TraderApi_Sample.cpp(1159,4): warning C4996: 'strcpy': This function or variable may be unsafe. Consider using strcpy_s instead. To disable deprecation, use _CRT_SECURE_NO_WARNINGS. See online help for details.
D:\MY\通惠期货APP\功能开发需求\金仕达CRM\KSFT-API V2.4.60634（测试秘钥版本)\sample\KSTradeAPI_Sample\TraderApi_Sample.cpp(1182,4): warning C4996: 'strcpy': This function or variable may be unsafe. Consider using strcpy_s instead. To disable deprecation, use _CRT_SECURE_NO_WARNINGS. See online help for details.
D:\MY\通惠期货APP\功能开发需求\金仕达CRM\KSFT-API V2.4.60634（测试秘钥版本)\sample\KSTradeAPI_Sample\TraderApi_Sample.cpp(1184,4): warning C4996: 'strcpy': This function or variable may be unsafe. Consider using strcpy_s instead. To disable deprecation, use _CRT_SECURE_NO_WARNINGS. See online help for details.
D:\MY\通惠期货APP\功能开发需求\金仕达CRM\KSFT-API V2.4.60634（测试秘钥版本)\sample\KSTradeAPI_Sample\TraderApi_Sample.cpp(1208,4): warning C4996: 'strcpy': This function or variable may be unsafe. Consider using strcpy_s instead. To disable deprecation, use _CRT_SECURE_NO_WARNINGS. See online help for details.
D:\MY\通惠期货APP\功能开发需求\金仕达CRM\KSFT-API V2.4.60634（测试秘钥版本)\sample\KSTradeAPI_Sample\TraderApi_Sample.cpp(1210,4): warning C4996: 'strcpy': This function or variable may be unsafe. Consider using strcpy_s instead. To disable deprecation, use _CRT_SECURE_NO_WARNINGS. See online help for details.
D:\MY\通惠期货APP\功能开发需求\金仕达CRM\KSFT-API V2.4.60634（测试秘钥版本)\sample\KSTradeAPI_Sample\TraderApi_Sample.cpp(1732,2): warning C4996: 'strcpy': This function or variable may be unsafe. Consider using strcpy_s instead. To disable deprecation, use _CRT_SECURE_NO_WARNINGS. See online help for details.
D:\MY\通惠期货APP\功能开发需求\金仕达CRM\KSFT-API V2.4.60634（测试秘钥版本)\sample\KSTradeAPI_Sample\TraderApi_Sample.cpp(1733,2): warning C4996: 'strcpy': This function or variable may be unsafe. Consider using strcpy_s instead. To disable deprecation, use _CRT_SECURE_NO_WARNINGS. See online help for details.
D:\MY\通惠期货APP\功能开发需求\金仕达CRM\KSFT-API V2.4.60634（测试秘钥版本)\sample\KSTradeAPI_Sample\TraderApi_Sample.cpp(1734,2): warning C4996: 'strcpy': This function or variable may be unsafe. Consider using strcpy_s instead. To disable deprecation, use _CRT_SECURE_NO_WARNINGS. See online help for details.
D:\MY\通惠期货APP\功能开发需求\金仕达CRM\KSFT-API V2.4.60634（测试秘钥版本)\sample\KSTradeAPI_Sample\TraderApi_Sample.cpp(1735,2): warning C4996: 'strcpy': This function or variable may be unsafe. Consider using strcpy_s instead. To disable deprecation, use _CRT_SECURE_NO_WARNINGS. See online help for details.
D:\MY\通惠期货APP\功能开发需求\金仕达CRM\KSFT-API V2.4.60634（测试秘钥版本)\sample\KSTradeAPI_Sample\TraderApi_Sample.cpp(1746,2): warning C4996: 'strcpy': This function or variable may be unsafe. Consider using strcpy_s instead. To disable deprecation, use _CRT_SECURE_NO_WARNINGS. See online help for details.
D:\MY\通惠期货APP\功能开发需求\金仕达CRM\KSFT-API V2.4.60634（测试秘钥版本)\sample\KSTradeAPI_Sample\TraderApi_Sample.cpp(1747,2): warning C4996: 'strcpy': This function or variable may be unsafe. Consider using strcpy_s instead. To disable deprecation, use _CRT_SECURE_NO_WARNINGS. See online help for details.
D:\MY\通惠期货APP\功能开发需求\金仕达CRM\KSFT-API V2.4.60634（测试秘钥版本)\sample\KSTradeAPI_Sample\TraderApi_Sample.cpp(1748,2): warning C4996: 'strcpy': This function or variable may be unsafe. Consider using strcpy_s instead. To disable deprecation, use _CRT_SECURE_NO_WARNINGS. See online help for details.
D:\MY\通惠期货APP\功能开发需求\金仕达CRM\KSFT-API V2.4.60634（测试秘钥版本)\sample\KSTradeAPI_Sample\TraderApi_Sample.cpp(1756,2): warning C4996: 'strcpy': This function or variable may be unsafe. Consider using strcpy_s instead. To disable deprecation, use _CRT_SECURE_NO_WARNINGS. See online help for details.
D:\MY\通惠期货APP\功能开发需求\金仕达CRM\KSFT-API V2.4.60634（测试秘钥版本)\sample\KSTradeAPI_Sample\TraderApi_Sample.cpp(1757,2): warning C4996: 'strcpy': This function or variable may be unsafe. Consider using strcpy_s instead. To disable deprecation, use _CRT_SECURE_NO_WARNINGS. See online help for details.
D:\MY\通惠期货APP\功能开发需求\金仕达CRM\KSFT-API V2.4.60634（测试秘钥版本)\sample\KSTradeAPI_Sample\TraderApi_Sample.cpp(1768,2): warning C4996: 'strcpy': This function or variable may be unsafe. Consider using strcpy_s instead. To disable deprecation, use _CRT_SECURE_NO_WARNINGS. See online help for details.
D:\MY\通惠期货APP\功能开发需求\金仕达CRM\KSFT-API V2.4.60634（测试秘钥版本)\sample\KSTradeAPI_Sample\TraderApi_Sample.cpp(1769,2): warning C4996: 'strcpy': This function or variable may be unsafe. Consider using strcpy_s instead. To disable deprecation, use _CRT_SECURE_NO_WARNINGS. See online help for details.
D:\MY\通惠期货APP\功能开发需求\金仕达CRM\KSFT-API V2.4.60634（测试秘钥版本)\sample\KSTradeAPI_Sample\TraderApi_Sample.cpp(1778,2): warning C4996: 'strcpy': This function or variable may be unsafe. Consider using strcpy_s instead. To disable deprecation, use _CRT_SECURE_NO_WARNINGS. See online help for details.
D:\MY\通惠期货APP\功能开发需求\金仕达CRM\KSFT-API V2.4.60634（测试秘钥版本)\sample\KSTradeAPI_Sample\TraderApi_Sample.cpp(1779,2): warning C4996: 'strcpy': This function or variable may be unsafe. Consider using strcpy_s instead. To disable deprecation, use _CRT_SECURE_NO_WARNINGS. See online help for details.
D:\MY\通惠期货APP\功能开发需求\金仕达CRM\KSFT-API V2.4.60634（测试秘钥版本)\sample\KSTradeAPI_Sample\TraderApi_Sample.cpp(1787,2): warning C4996: 'strcpy': This function or variable may be unsafe. Consider using strcpy_s instead. To disable deprecation, use _CRT_SECURE_NO_WARNINGS. See online help for details.
D:\MY\通惠期货APP\功能开发需求\金仕达CRM\KSFT-API V2.4.60634（测试秘钥版本)\sample\KSTradeAPI_Sample\TraderApi_Sample.cpp(1788,2): warning C4996: 'strcpy': This function or variable may be unsafe. Consider using strcpy_s instead. To disable deprecation, use _CRT_SECURE_NO_WARNINGS. See online help for details.
D:\MY\通惠期货APP\功能开发需求\金仕达CRM\KSFT-API V2.4.60634（测试秘钥版本)\sample\KSTradeAPI_Sample\TraderApi_Sample.cpp(1792,2): warning C4996: 'strcpy': This function or variable may be unsafe. Consider using strcpy_s instead. To disable deprecation, use _CRT_SECURE_NO_WARNINGS. See online help for details.
D:\MY\通惠期货APP\功能开发需求\金仕达CRM\KSFT-API V2.4.60634（测试秘钥版本)\sample\KSTradeAPI_Sample\TraderApi_Sample.cpp(1793,2): warning C4996: 'strcpy': This function or variable may be unsafe. Consider using strcpy_s instead. To disable deprecation, use _CRT_SECURE_NO_WARNINGS. See online help for details.
D:\MY\通惠期货APP\功能开发需求\金仕达CRM\KSFT-API V2.4.60634（测试秘钥版本)\sample\KSTradeAPI_Sample\TraderApi_Sample.cpp(1808,2): warning C4996: 'strcpy': This function or variable may be unsafe. Consider using strcpy_s instead. To disable deprecation, use _CRT_SECURE_NO_WARNINGS. See online help for details.
D:\MY\通惠期货APP\功能开发需求\金仕达CRM\KSFT-API V2.4.60634（测试秘钥版本)\sample\KSTradeAPI_Sample\TraderApi_Sample.cpp(1809,2): warning C4996: 'strcpy': This function or variable may be unsafe. Consider using strcpy_s instead. To disable deprecation, use _CRT_SECURE_NO_WARNINGS. See online help for details.
D:\MY\通惠期货APP\功能开发需求\金仕达CRM\KSFT-API V2.4.60634（测试秘钥版本)\sample\KSTradeAPI_Sample\TraderApi_Sample.cpp(1816,2): warning C4996: 'strcpy': This function or variable may be unsafe. Consider using strcpy_s instead. To disable deprecation, use _CRT_SECURE_NO_WARNINGS. See online help for details.
D:\MY\通惠期货APP\功能开发需求\金仕达CRM\KSFT-API V2.4.60634（测试秘钥版本)\sample\KSTradeAPI_Sample\TraderApi_Sample.cpp(1817,2): warning C4996: 'strcpy': This function or variable may be unsafe. Consider using strcpy_s instead. To disable deprecation, use _CRT_SECURE_NO_WARNINGS. See online help for details.
D:\MY\通惠期货APP\功能开发需求\金仕达CRM\KSFT-API V2.4.60634（测试秘钥版本)\sample\KSTradeAPI_Sample\TraderApi_Sample.cpp(1820,2): warning C4996: 'strcpy': This function or variable may be unsafe. Consider using strcpy_s instead. To disable deprecation, use _CRT_SECURE_NO_WARNINGS. See online help for details.
D:\MY\通惠期货APP\功能开发需求\金仕达CRM\KSFT-API V2.4.60634（测试秘钥版本)\sample\KSTradeAPI_Sample\TraderApi_Sample.cpp(1823,2): warning C4996: 'strcpy': This function or variable may be unsafe. Consider using strcpy_s instead. To disable deprecation, use _CRT_SECURE_NO_WARNINGS. See online help for details.
D:\MY\通惠期货APP\功能开发需求\金仕达CRM\KSFT-API V2.4.60634（测试秘钥版本)\sample\KSTradeAPI_Sample\TraderApi_Sample.cpp(1824,2): warning C4996: 'strcpy': This function or variable may be unsafe. Consider using strcpy_s instead. To disable deprecation, use _CRT_SECURE_NO_WARNINGS. See online help for details.
D:\MY\通惠期货APP\功能开发需求\金仕达CRM\KSFT-API V2.4.60634（测试秘钥版本)\sample\KSTradeAPI_Sample\TraderApi_Sample.cpp(1830,2): warning C4996: 'strcpy': This function or variable may be unsafe. Consider using strcpy_s instead. To disable deprecation, use _CRT_SECURE_NO_WARNINGS. See online help for details.
D:\MY\通惠期货APP\功能开发需求\金仕达CRM\KSFT-API V2.4.60634（测试秘钥版本)\sample\KSTradeAPI_Sample\TraderApi_Sample.cpp(1838,2): warning C4996: 'strcpy': This function or variable may be unsafe. Consider using strcpy_s instead. To disable deprecation, use _CRT_SECURE_NO_WARNINGS. See online help for details.
D:\MY\通惠期货APP\功能开发需求\金仕达CRM\KSFT-API V2.4.60634（测试秘钥版本)\sample\KSTradeAPI_Sample\TraderApi_Sample.cpp(1840,2): warning C4996: 'strcpy': This function or variable may be unsafe. Consider using strcpy_s instead. To disable deprecation, use _CRT_SECURE_NO_WARNINGS. See online help for details.
D:\MY\通惠期货APP\功能开发需求\金仕达CRM\KSFT-API V2.4.60634（测试秘钥版本)\sample\KSTradeAPI_Sample\TraderApi_Sample.cpp(1844,2): warning C4996: 'strcpy': This function or variable may be unsafe. Consider using strcpy_s instead. To disable deprecation, use _CRT_SECURE_NO_WARNINGS. See online help for details.
D:\MY\通惠期货APP\功能开发需求\金仕达CRM\KSFT-API V2.4.60634（测试秘钥版本)\sample\KSTradeAPI_Sample\TraderApi_Sample.cpp(1846,2): warning C4996: 'strcpy': This function or variable may be unsafe. Consider using strcpy_s instead. To disable deprecation, use _CRT_SECURE_NO_WARNINGS. See online help for details.
D:\MY\通惠期货APP\功能开发需求\金仕达CRM\KSFT-API V2.4.60634（测试秘钥版本)\sample\KSTradeAPI_Sample\TraderApi_Sample.cpp(1848,2): warning C4996: 'strcpy': This function or variable may be unsafe. Consider using strcpy_s instead. To disable deprecation, use _CRT_SECURE_NO_WARNINGS. See online help for details.
D:\MY\通惠期货APP\功能开发需求\金仕达CRM\KSFT-API V2.4.60634（测试秘钥版本)\sample\KSTradeAPI_Sample\TraderApi_Sample.cpp(1855,2): warning C4996: 'strcpy': This function or variable may be unsafe. Consider using strcpy_s instead. To disable deprecation, use _CRT_SECURE_NO_WARNINGS. See online help for details.
D:\MY\通惠期货APP\功能开发需求\金仕达CRM\KSFT-API V2.4.60634（测试秘钥版本)\sample\KSTradeAPI_Sample\TraderApi_Sample.cpp(1857,2): warning C4996: 'strcpy': This function or variable may be unsafe. Consider using strcpy_s instead. To disable deprecation, use _CRT_SECURE_NO_WARNINGS. See online help for details.
D:\MY\通惠期货APP\功能开发需求\金仕达CRM\KSFT-API V2.4.60634（测试秘钥版本)\sample\KSTradeAPI_Sample\TraderApi_Sample.cpp(1861,2): warning C4996: 'strcpy': This function or variable may be unsafe. Consider using strcpy_s instead. To disable deprecation, use _CRT_SECURE_NO_WARNINGS. See online help for details.
D:\MY\通惠期货APP\功能开发需求\金仕达CRM\KSFT-API V2.4.60634（测试秘钥版本)\sample\KSTradeAPI_Sample\TraderApi_Sample.cpp(1863,2): warning C4996: 'strcpy': This function or variable may be unsafe. Consider using strcpy_s instead. To disable deprecation, use _CRT_SECURE_NO_WARNINGS. See online help for details.
D:\MY\通惠期货APP\功能开发需求\金仕达CRM\KSFT-API V2.4.60634（测试秘钥版本)\sample\KSTradeAPI_Sample\TraderApi_Sample.cpp(1865,2): warning C4996: 'strcpy': This function or variable may be unsafe. Consider using strcpy_s instead. To disable deprecation, use _CRT_SECURE_NO_WARNINGS. See online help for details.
D:\MY\通惠期货APP\功能开发需求\金仕达CRM\KSFT-API V2.4.60634（测试秘钥版本)\sample\KSTradeAPI_Sample\TraderApi_Sample.cpp(1873,2): warning C4996: 'strcpy': This function or variable may be unsafe. Consider using strcpy_s instead. To disable deprecation, use _CRT_SECURE_NO_WARNINGS. See online help for details.
D:\MY\通惠期货APP\功能开发需求\金仕达CRM\KSFT-API V2.4.60634（测试秘钥版本)\sample\KSTradeAPI_Sample\TraderApi_Sample.cpp(1875,2): warning C4996: 'strcpy': This function or variable may be unsafe. Consider using strcpy_s instead. To disable deprecation, use _CRT_SECURE_NO_WARNINGS. See online help for details.
D:\MY\通惠期货APP\功能开发需求\金仕达CRM\KSFT-API V2.4.60634（测试秘钥版本)\sample\KSTradeAPI_Sample\TraderApi_Sample.cpp(1951,3): warning C4996: 'strcpy': This function or variable may be unsafe. Consider using strcpy_s instead. To disable deprecation, use _CRT_SECURE_NO_WARNINGS. See online help for details.
D:\MY\通惠期货APP\功能开发需求\金仕达CRM\KSFT-API V2.4.60634（测试秘钥版本)\sample\KSTradeAPI_Sample\TraderApi_Sample.cpp(1952,3): warning C4996: 'strcpy': This function or variable may be unsafe. Consider using strcpy_s instead. To disable deprecation, use _CRT_SECURE_NO_WARNINGS. See online help for details.
D:\MY\通惠期货APP\功能开发需求\金仕达CRM\KSFT-API V2.4.60634（测试秘钥版本)\sample\KSTradeAPI_Sample\TraderApi_Sample.cpp(1953,3): warning C4996: 'strcpy': This function or variable may be unsafe. Consider using strcpy_s instead. To disable deprecation, use _CRT_SECURE_NO_WARNINGS. See online help for details.
D:\MY\通惠期货APP\功能开发需求\金仕达CRM\KSFT-API V2.4.60634（测试秘钥版本)\sample\KSTradeAPI_Sample\TraderApi_Sample.cpp(1955,3): warning C4996: 'strcpy': This function or variable may be unsafe. Consider using strcpy_s instead. To disable deprecation, use _CRT_SECURE_NO_WARNINGS. See online help for details.
D:\vs c++\MSBuild\Microsoft\VC\v170\Microsoft.CppBuild.targets(1392,5): warning MSB8012: TargetPath(D:\MY\通惠期货APP\功能开发需求\金仕达CRM\KSFT-API V2.4.60634（测试秘钥版本)\sample\KSTradeAPI_Sample\Debug64\TraderApi_Sample.exe) 与 Linker 的 OutputFile 属性值(D:\MY\通惠期货APP\功能开发需求\金仕达CRM\KSFT-API V2.4.60634（测试秘钥版本)\sample\KSTradeAPI_Sample\Debug64\TraderApi_SampleD.exe)不匹配。这可能导致项目生成不正确。若要更正此问题，请确保 $(OutDir)、$(TargetName) 和 $(TargetExt) 属性值与 %(Link.OutputFile) 中指定的值匹配。
D:\vs c++\MSBuild\Microsoft\VC\v170\Microsoft.CppBuild.targets(1394,5): warning MSB8012: TargetName(TraderApi_Sample) 与 Linker 的 OutputFile 属性值(TraderApi_SampleD)不匹配。这可能导致项目生成不正确。若要更正此问题，请确保 $(OutDir)、$(TargetName) 和 $(TargetExt) 属性值与 %(Link.OutputFile) 中指定的值匹配。
  TraderApi_Sample.vcxproj -> D:\MY\通惠期货APP\功能开发需求\金仕达CRM\KSFT-API V2.4.60634（测试秘钥版本)\sample\KSTradeAPI_Sample\Debug64\TraderApi_Sample.exe
